{"D:/cofeed/src/components/account/account.component.jsx": {"path":"D:/cofeed/src/components/account/account.component.jsx","statementMap":{"0":{"start":{"line":6,"column":16},"end":{"line":16,"column":null}},"1":{"start":{"line":7,"column":4},"end":{"line":16,"column":null}}},"fnMap":{"0":{"name":"(anonymous_0)","decl":{"start":{"line":6,"column":16},"end":{"line":6,"column":17}},"loc":{"start":{"line":7,"column":4},"end":{"line":16,"column":null}}}},"branchMap":{"0":{"loc":{"start":{"line":10,"column":14},"end":{"line":10,"column":null}},"type":"cond-expr","locations":[{"start":{"line":10,"column":22},"end":{"line":10,"column":42}},{"start":{"line":10,"column":42},"end":{"line":10,"column":null}}]},"1":{"loc":{"start":{"line":13,"column":27},"end":{"line":13,"column":null}},"type":"cond-expr","locations":[{"start":{"line":13,"column":34},"end":{"line":13,"column":43}},{"start":{"line":13,"column":43},"end":{"line":13,"column":null}}]}},"s":{"0":1,"1":2},"f":{"0":2},"b":{"0":[0,2],"1":[2,0]}}
,"D:/cofeed/src/components/button/form-button/form-button.component.jsx": {"path":"D:/cofeed/src/components/button/form-button/form-button.component.jsx","statementMap":{"0":{"start":{"line":4,"column":19},"end":{"line":7,"column":null}},"1":{"start":{"line":5,"column":4},"end":{"line":7,"column":null}}},"fnMap":{"0":{"name":"(anonymous_0)","decl":{"start":{"line":4,"column":19},"end":{"line":4,"column":20}},"loc":{"start":{"line":5,"column":4},"end":{"line":7,"column":null}}}},"branchMap":{"0":{"loc":{"start":{"line":5,"column":38},"end":{"line":5,"column":55}},"type":"binary-expr","locations":[{"start":{"line":5,"column":38},"end":{"line":5,"column":49}},{"start":{"line":5,"column":49},"end":{"line":5,"column":55}}]}},"s":{"0":1,"1":1},"f":{"0":1},"b":{"0":[1,1]}}
,"D:/cofeed/src/components/divider/divider.component.jsx": {"path":"D:/cofeed/src/components/divider/divider.component.jsx","statementMap":{"0":{"start":{"line":4,"column":16},"end":{"line":8,"column":null}},"1":{"start":{"line":5,"column":4},"end":{"line":6,"column":null}}},"fnMap":{"0":{"name":"(anonymous_0)","decl":{"start":{"line":4,"column":16},"end":{"line":4,"column":17}},"loc":{"start":{"line":4,"column":27},"end":{"line":8,"column":null}}}},"branchMap":{},"s":{"0":1,"1":1},"f":{"0":1},"b":{}}
,"D:/cofeed/src/components/explore/ui/dropdown/dropdown.component.jsx": {"path":"D:/cofeed/src/components/explore/ui/dropdown/dropdown.component.jsx","statementMap":{"0":{"start":{"line":2,"column":17},"end":{"line":17,"column":null}},"1":{"start":{"line":6,"column":4},"end":{"line":15,"column":null}},"2":{"start":{"line":10,"column":30},"end":{"line":10,"column":53}},"3":{"start":{"line":13,"column":56},"end":{"line":13,"column":90}}},"fnMap":{"0":{"name":"(anonymous_0)","decl":{"start":{"line":2,"column":17},"end":{"line":2,"column":18}},"loc":{"start":{"line":5,"column":18},"end":{"line":17,"column":null}}},"1":{"name":"(anonymous_1)","decl":{"start":{"line":10,"column":24},"end":{"line":10,"column":30}},"loc":{"start":{"line":10,"column":30},"end":{"line":10,"column":53}}},"2":{"name":"(anonymous_2)","decl":{"start":{"line":13,"column":34},"end":{"line":13,"column":35}},"loc":{"start":{"line":13,"column":56},"end":{"line":13,"column":90}}}},"branchMap":{"0":{"loc":{"start":{"line":12,"column":17},"end":{"line":14,"column":null}},"type":"binary-expr","locations":[{"start":{"line":12,"column":17},"end":{"line":12,"column":33}},{"start":{"line":12,"column":33},"end":{"line":14,"column":null}}]}},"s":{"0":1,"1":1,"2":0,"3":1},"f":{"0":1,"1":0,"2":1},"b":{"0":[1,1]}}
,"D:/cofeed/src/components/explore/ui/notifications/notifications.component.jsx": {"path":"D:/cofeed/src/components/explore/ui/notifications/notifications.component.jsx","statementMap":{"0":{"start":{"line":4,"column":22},"end":{"line":7,"column":null}},"1":{"start":{"line":5,"column":2},"end":{"line":7,"column":null}}},"fnMap":{"0":{"name":"(anonymous_0)","decl":{"start":{"line":4,"column":22},"end":{"line":4,"column":null}},"loc":{"start":{"line":5,"column":2},"end":{"line":7,"column":null}}}},"branchMap":{},"s":{"0":1,"1":1},"f":{"0":1},"b":{}}
,"D:/cofeed/src/components/explore/ui/search-box/search-box.component.jsx": {"path":"D:/cofeed/src/components/explore/ui/search-box/search-box.component.jsx","statementMap":{"0":{"start":{"line":4,"column":18},"end":{"line":18,"column":null}},"1":{"start":{"line":9,"column":4},"end":{"line":18,"column":null}}},"fnMap":{"0":{"name":"(anonymous_0)","decl":{"start":{"line":4,"column":18},"end":{"line":4,"column":19}},"loc":{"start":{"line":9,"column":4},"end":{"line":18,"column":null}}}},"branchMap":{},"s":{"0":1,"1":1},"f":{"0":1},"b":{}}
,"D:/cofeed/src/components/feeds/categories/categories.component.jsx": {"path":"D:/cofeed/src/components/feeds/categories/categories.component.jsx","statementMap":{"0":{"start":{"line":3,"column":19},"end":{"line":8,"column":null}},"1":{"start":{"line":10,"column":19},"end":{"line":26,"column":null}},"2":{"start":{"line":11,"column":4},"end":{"line":24,"column":null}},"3":{"start":{"line":15,"column":20},"end":{"line":21,"column":null}},"4":{"start":{"line":17,"column":39},"end":{"line":17,"column":null}}},"fnMap":{"0":{"name":"(anonymous_0)","decl":{"start":{"line":10,"column":19},"end":{"line":10,"column":20}},"loc":{"start":{"line":10,"column":50},"end":{"line":26,"column":null}}},"1":{"name":"(anonymous_1)","decl":{"start":{"line":14,"column":46},"end":{"line":14,"column":47}},"loc":{"start":{"line":15,"column":20},"end":{"line":21,"column":null}}},"2":{"name":"(anonymous_2)","decl":{"start":{"line":17,"column":33},"end":{"line":17,"column":39}},"loc":{"start":{"line":17,"column":39},"end":{"line":17,"column":null}}}},"branchMap":{"0":{"loc":{"start":{"line":18,"column":38},"end":{"line":18,"column":null}},"type":"cond-expr","locations":[{"start":{"line":18,"column":59},"end":{"line":18,"column":70}},{"start":{"line":18,"column":70},"end":{"line":18,"column":null}}]}},"s":{"0":1,"1":1,"2":1,"3":4,"4":0},"f":{"0":1,"1":4,"2":0},"b":{"0":[0,4]}}
,"D:/cofeed/src/components/form/form.component.jsx": {"path":"D:/cofeed/src/components/form/form.component.jsx","statementMap":{"0":{"start":{"line":3,"column":13},"end":{"line":10,"column":null}},"1":{"start":{"line":4,"column":4},"end":{"line":9,"column":null}}},"fnMap":{"0":{"name":"(anonymous_0)","decl":{"start":{"line":3,"column":13},"end":{"line":3,"column":14}},"loc":{"start":{"line":3,"column":50},"end":{"line":10,"column":null}}}},"branchMap":{"0":{"loc":{"start":{"line":5,"column":27},"end":{"line":5,"column":null}},"type":"binary-expr","locations":[{"start":{"line":5,"column":27},"end":{"line":5,"column":38}},{"start":{"line":5,"column":38},"end":{"line":5,"column":null}}]}},"s":{"0":1,"1":1},"f":{"0":1},"b":{"0":[1,1]}}
,"D:/cofeed/src/components/form/form-group/form-group.component.jsx": {"path":"D:/cofeed/src/components/form/form-group/form-group.component.jsx","statementMap":{"0":{"start":{"line":4,"column":18},"end":{"line":13,"column":null}},"1":{"start":{"line":5,"column":4},"end":{"line":11,"column":null}}},"fnMap":{"0":{"name":"(anonymous_0)","decl":{"start":{"line":4,"column":18},"end":{"line":4,"column":19}},"loc":{"start":{"line":4,"column":43},"end":{"line":13,"column":null}}}},"branchMap":{"0":{"loc":{"start":{"line":7,"column":37},"end":{"line":7,"column":null}},"type":"cond-expr","locations":[{"start":{"line":7,"column":45},"end":{"line":7,"column":55}},{"start":{"line":7,"column":55},"end":{"line":7,"column":null}}]},"1":{"loc":{"start":{"line":10,"column":13},"end":{"line":10,"column":null}},"type":"binary-expr","locations":[{"start":{"line":10,"column":13},"end":{"line":10,"column":22}},{"start":{"line":10,"column":22},"end":{"line":10,"column":null}}]}},"s":{"0":2,"1":2},"f":{"0":2},"b":{"0":[2,0],"1":[2,2]}}
,"D:/cofeed/src/components/form/upload-image-input/upload-image-input.component.jsx": {"path":"D:/cofeed/src/components/form/upload-image-input/upload-image-input.component.jsx","statementMap":{"0":{"start":{"line":4,"column":25},"end":{"line":22,"column":null}},"1":{"start":{"line":6,"column":4},"end":{"line":20,"column":null}}},"fnMap":{"0":{"name":"(anonymous_0)","decl":{"start":{"line":4,"column":25},"end":{"line":4,"column":26}},"loc":{"start":{"line":4,"column":73},"end":{"line":22,"column":null}}}},"branchMap":{"0":{"loc":{"start":{"line":9,"column":18},"end":{"line":9,"column":null}},"type":"cond-expr","locations":[{"start":{"line":9,"column":32},"end":{"line":9,"column":51}},{"start":{"line":9,"column":51},"end":{"line":9,"column":null}}]},"1":{"loc":{"start":{"line":11,"column":14},"end":{"line":11,"column":null}},"type":"binary-expr","locations":[{"start":{"line":11,"column":14},"end":{"line":11,"column":29}},{"start":{"line":11,"column":29},"end":{"line":11,"column":null}}]}},"s":{"0":1,"1":1},"f":{"0":1},"b":{"0":[1,0],"1":[1,1]}}
,"D:/cofeed/src/components/heading/heading-4.component.jsx": {"path":"D:/cofeed/src/components/heading/heading-4.component.jsx","statementMap":{"0":{"start":{"line":3,"column":20},"end":{"line":7,"column":null}},"1":{"start":{"line":4,"column":4},"end":{"line":5,"column":null}}},"fnMap":{"0":{"name":"(anonymous_0)","decl":{"start":{"line":3,"column":20},"end":{"line":3,"column":21}},"loc":{"start":{"line":3,"column":38},"end":{"line":7,"column":null}}}},"branchMap":{},"s":{"0":1,"1":1},"f":{"0":1},"b":{}}
,"D:/cofeed/src/components/logo/Logo.component.jsx": {"path":"D:/cofeed/src/components/logo/Logo.component.jsx","statementMap":{"0":{"start":{"line":3,"column":13},"end":{"line":9,"column":null}},"1":{"start":{"line":4,"column":4},"end":{"line":7,"column":null}}},"fnMap":{"0":{"name":"(anonymous_0)","decl":{"start":{"line":3,"column":13},"end":{"line":3,"column":14}},"loc":{"start":{"line":3,"column":29},"end":{"line":9,"column":null}}}},"branchMap":{},"s":{"0":1,"1":1},"f":{"0":1},"b":{}}
,"D:/cofeed/src/components/paragraph/paragraph.component.jsx": {"path":"D:/cofeed/src/components/paragraph/paragraph.component.jsx","statementMap":{"0":{"start":{"line":4,"column":18},"end":{"line":10,"column":null}},"1":{"start":{"line":5,"column":4},"end":{"line":8,"column":null}}},"fnMap":{"0":{"name":"(anonymous_0)","decl":{"start":{"line":4,"column":18},"end":{"line":4,"column":19}},"loc":{"start":{"line":4,"column":43},"end":{"line":10,"column":null}}}},"branchMap":{},"s":{"0":6,"1":10},"f":{"0":10},"b":{}}
,"D:/cofeed/src/components/search-wrapper/search-wrapper.component.jsx": {"path":"D:/cofeed/src/components/search-wrapper/search-wrapper.component.jsx","statementMap":{"0":{"start":{"line":6,"column":22},"end":{"line":45,"column":null}},"1":{"start":{"line":13,"column":4},"end":{"line":37,"column":null}},"2":{"start":{"line":13,"column":39},"end":{"line":37,"column":null}},"3":{"start":{"line":23,"column":36},"end":{"line":30,"column":null}},"4":{"start":{"line":40,"column":4},"end":{"line":43,"column":null}}},"fnMap":{"0":{"name":"(anonymous_0)","decl":{"start":{"line":6,"column":22},"end":{"line":6,"column":23}},"loc":{"start":{"line":12,"column":6},"end":{"line":45,"column":null}}},"1":{"name":"(anonymous_1)","decl":{"start":{"line":19,"column":38},"end":{"line":19,"column":39}},"loc":{"start":{"line":23,"column":36},"end":{"line":30,"column":null}}}},"branchMap":{"0":{"loc":{"start":{"line":13,"column":4},"end":{"line":37,"column":null}},"type":"if","locations":[{"start":{"line":13,"column":4},"end":{"line":37,"column":null}},{"start":{"line":13,"column":4},"end":{"line":37,"column":null}}]},"1":{"loc":{"start":{"line":13,"column":8},"end":{"line":13,"column":39}},"type":"binary-expr","locations":[{"start":{"line":13,"column":8},"end":{"line":13,"column":16}},{"start":{"line":13,"column":16},"end":{"line":13,"column":39}}]}},"s":{"0":1,"1":4,"2":2,"3":1,"4":2},"f":{"0":4,"1":1},"b":{"0":[2,2],"1":[4,2]}}
,"D:/cofeed/src/components/spinner/spinner.component.jsx": {"path":"D:/cofeed/src/components/spinner/spinner.component.jsx","statementMap":{"0":{"start":{"line":4,"column":16},"end":{"line":8,"column":null}},"1":{"start":{"line":5,"column":4},"end":{"line":6,"column":null}}},"fnMap":{"0":{"name":"(anonymous_0)","decl":{"start":{"line":4,"column":16},"end":{"line":4,"column":17}},"loc":{"start":{"line":4,"column":27},"end":{"line":8,"column":null}}}},"branchMap":{},"s":{"0":2,"1":3},"f":{"0":3},"b":{}}
,"D:/cofeed/src/components/stories/stories.component.jsx": {"path":"D:/cofeed/src/components/stories/stories.component.jsx","statementMap":{"0":{"start":{"line":5,"column":16},"end":{"line":22,"column":null}},"1":{"start":{"line":7,"column":34},"end":{"line":7,"column":null}},"2":{"start":{"line":7,"column":55},"end":{"line":7,"column":65}},"3":{"start":{"line":9,"column":4},"end":{"line":20,"column":null}},"4":{"start":{"line":12,"column":52},"end":{"line":12,"column":78}},"5":{"start":{"line":14,"column":24},"end":{"line":18,"column":null}}},"fnMap":{"0":{"name":"(anonymous_0)","decl":{"start":{"line":5,"column":16},"end":{"line":5,"column":17}},"loc":{"start":{"line":5,"column":31},"end":{"line":22,"column":null}}},"1":{"name":"(anonymous_1)","decl":{"start":{"line":7,"column":46},"end":{"line":7,"column":55}},"loc":{"start":{"line":7,"column":55},"end":{"line":7,"column":65}}},"2":{"name":"(anonymous_2)","decl":{"start":{"line":12,"column":46},"end":{"line":12,"column":52}},"loc":{"start":{"line":12,"column":52},"end":{"line":12,"column":78}}},"3":{"name":"(anonymous_3)","decl":{"start":{"line":13,"column":25},"end":{"line":13,"column":26}},"loc":{"start":{"line":14,"column":24},"end":{"line":18,"column":null}}}},"branchMap":{"0":{"loc":{"start":{"line":9,"column":11},"end":{"line":20,"column":null}},"type":"binary-expr","locations":[{"start":{"line":9,"column":11},"end":{"line":9,"column":20}},{"start":{"line":9,"column":20},"end":{"line":9,"column":null}},{"start":{"line":10,"column":8},"end":{"line":20,"column":null}}]},"1":{"loc":{"start":{"line":16,"column":38},"end":{"line":16,"column":null}},"type":"cond-expr","locations":[{"start":{"line":16,"column":64},"end":{"line":16,"column":72}},{"start":{"line":16,"column":72},"end":{"line":16,"column":null}}]}},"s":{"0":1,"1":1,"2":1,"3":1,"4":1,"5":2},"f":{"0":1,"1":1,"2":1,"3":2},"b":{"0":[1,1,1],"1":[1,1]}}
,"D:/cofeed/src/components/stories/story/story.component.jsx": {"path":"D:/cofeed/src/components/stories/story/story.component.jsx","statementMap":{"0":{"start":{"line":6,"column":14},"end":{"line":20,"column":null}},"1":{"start":{"line":8,"column":28},"end":{"line":8,"column":null}},"2":{"start":{"line":10,"column":4},"end":{"line":18,"column":null}},"3":{"start":{"line":14,"column":27},"end":{"line":14,"column":null}}},"fnMap":{"0":{"name":"(anonymous_0)","decl":{"start":{"line":6,"column":14},"end":{"line":6,"column":15}},"loc":{"start":{"line":6,"column":45},"end":{"line":20,"column":null}}},"1":{"name":"(anonymous_1)","decl":{"start":{"line":14,"column":21},"end":{"line":14,"column":27}},"loc":{"start":{"line":14,"column":27},"end":{"line":14,"column":null}}}},"branchMap":{"0":{"loc":{"start":{"line":12,"column":32},"end":{"line":12,"column":null}},"type":"cond-expr","locations":[{"start":{"line":12,"column":39},"end":{"line":12,"column":46}},{"start":{"line":12,"column":46},"end":{"line":12,"column":null}}]}},"s":{"0":2,"1":5,"2":5,"3":2},"f":{"0":5,"1":2},"b":{"0":[1,4]}}
,"D:/cofeed/src/components/subtitle/subtitle.component.jsx": {"path":"D:/cofeed/src/components/subtitle/subtitle.component.jsx","statementMap":{"0":{"start":{"line":4,"column":17},"end":{"line":10,"column":null}},"1":{"start":{"line":5,"column":4},"end":{"line":8,"column":null}}},"fnMap":{"0":{"name":"(anonymous_0)","decl":{"start":{"line":4,"column":17},"end":{"line":4,"column":18}},"loc":{"start":{"line":4,"column":35},"end":{"line":10,"column":null}}}},"branchMap":{},"s":{"0":2,"1":3},"f":{"0":3},"b":{}}
,"D:/cofeed/src/components/user/user.component.jsx": {"path":"D:/cofeed/src/components/user/user.component.jsx","statementMap":{"0":{"start":{"line":5,"column":13},"end":{"line":29,"column":null}},"1":{"start":{"line":13,"column":21},"end":{"line":13,"column":null}},"2":{"start":{"line":15,"column":4},"end":{"line":27,"column":null}},"3":{"start":{"line":16,"column":75},"end":{"line":16,"column":null}}},"fnMap":{"0":{"name":"(anonymous_0)","decl":{"start":{"line":5,"column":13},"end":{"line":5,"column":14}},"loc":{"start":{"line":11,"column":26},"end":{"line":29,"column":null}}},"1":{"name":"(anonymous_1)","decl":{"start":{"line":16,"column":69},"end":{"line":16,"column":75}},"loc":{"start":{"line":16,"column":75},"end":{"line":16,"column":null}}}},"branchMap":{"0":{"loc":{"start":{"line":8,"column":4},"end":{"line":8,"column":null}},"type":"default-arg","locations":[{"start":{"line":8,"column":15},"end":{"line":8,"column":null}}]},"1":{"loc":{"start":{"line":9,"column":4},"end":{"line":9,"column":null}},"type":"default-arg","locations":[{"start":{"line":9,"column":17},"end":{"line":9,"column":null}}]},"2":{"loc":{"start":{"line":10,"column":4},"end":{"line":10,"column":null}},"type":"default-arg","locations":[{"start":{"line":10,"column":18},"end":{"line":10,"column":null}}]}},"s":{"0":3,"1":4,"2":4,"3":1},"f":{"0":4,"1":1},"b":{"0":[4],"1":[4],"2":[4]}}
,"D:/cofeed/src/components/user-detail/user-detail.component.jsx": {"path":"D:/cofeed/src/components/user-detail/user-detail.component.jsx","statementMap":{"0":{"start":{"line":3,"column":19},"end":{"line":10,"column":null}},"1":{"start":{"line":4,"column":4},"end":{"line":8,"column":null}}},"fnMap":{"0":{"name":"(anonymous_0)","decl":{"start":{"line":3,"column":19},"end":{"line":3,"column":20}},"loc":{"start":{"line":3,"column":39},"end":{"line":10,"column":null}}}},"branchMap":{},"s":{"0":1,"1":1},"f":{"0":1},"b":{}}
}
